

Started GET "/" for 127.0.0.1 at 2014-11-23 23:10:40 +0800
Processing by Rails::WelcomeController#index as HTML
  Rendered /Library/Ruby/Gems/2.0.0/gems/railties-4.1.6/lib/rails/templates/rails/welcome/index.html.erb (4.1ms)
Completed 200 OK in 63ms (Views: 11.1ms | ActiveRecord: 0.0ms)
  [1m[36m (1.2ms)[0m  [1mCREATE TABLE "schema_migrations" ("version" varchar(255) NOT NULL) [0m
  [1m[35m (0.1ms)[0m  select sqlite_version(*)
  [1m[36m (1.5ms)[0m  [1mCREATE UNIQUE INDEX "unique_schema_migrations" ON "schema_migrations" ("version")[0m
  [1m[35mActiveRecord::SchemaMigration Load (0.1ms)[0m  SELECT "schema_migrations".* FROM "schema_migrations"
Migrating to CreateUsers (20141124105248)
  [1m[36m (0.1ms)[0m  [1mbegin transaction[0m
  [1m[35m (0.4ms)[0m  CREATE TABLE "users" ("id" INTEGER PRIMARY KEY AUTOINCREMENT NOT NULL, "name" varchar(255), "email" varchar(255), "created_at" datetime, "updated_at" datetime) 
  [1m[36mSQL (0.2ms)[0m  [1mINSERT INTO "schema_migrations" ("version") VALUES (?)[0m  [["version", "20141124105248"]]
  [1m[35m (0.8ms)[0m  commit transaction
  [1m[36mActiveRecord::SchemaMigration Load (0.1ms)[0m  [1mSELECT "schema_migrations".* FROM "schema_migrations"[0m


Started GET "/" for 127.0.0.1 at 2014-11-24 18:53:40 +0800
  [1m[36mActiveRecord::SchemaMigration Load (0.1ms)[0m  [1mSELECT "schema_migrations".* FROM "schema_migrations"[0m
Processing by Rails::WelcomeController#index as HTML
  Rendered /Library/Ruby/Gems/2.0.0/gems/railties-4.1.6/lib/rails/templates/rails/welcome/index.html.erb (1.3ms)
Completed 200 OK in 21ms (Views: 5.9ms | ActiveRecord: 0.0ms)


Started GET "/users" for 127.0.0.1 at 2014-11-24 18:54:08 +0800
Processing by UsersController#index as HTML
  [1m[35mUser Load (0.1ms)[0m  SELECT "users".* FROM "users"
  Rendered users/index.html.erb within layouts/application (1.2ms)
Completed 200 OK in 531ms (Views: 529.6ms | ActiveRecord: 0.1ms)


Started GET "/assets/scaffolds.css?body=1" for 127.0.0.1 at 2014-11-24 18:54:09 +0800


Started GET "/assets/application.css?body=1" for 127.0.0.1 at 2014-11-24 18:54:09 +0800


Started GET "/assets/users.css?body=1" for 127.0.0.1 at 2014-11-24 18:54:09 +0800


Started GET "/assets/jquery.js?body=1" for 127.0.0.1 at 2014-11-24 18:54:09 +0800


Started GET "/assets/turbolinks.js?body=1" for 127.0.0.1 at 2014-11-24 18:54:09 +0800


Started GET "/assets/users.js?body=1" for 127.0.0.1 at 2014-11-24 18:54:09 +0800


Started GET "/assets/jquery_ujs.js?body=1" for 127.0.0.1 at 2014-11-24 18:54:09 +0800


Started GET "/assets/application.js?body=1" for 127.0.0.1 at 2014-11-24 18:54:09 +0800


Started GET "/users/new" for 127.0.0.1 at 2014-11-24 18:54:11 +0800
Processing by UsersController#new as HTML
  Rendered users/_form.html.erb (42.5ms)
  Rendered users/new.html.erb within layouts/application (46.7ms)
Completed 200 OK in 75ms (Views: 73.5ms | ActiveRecord: 0.3ms)


Started GET "/users/new" for 127.0.0.1 at 2014-11-24 18:54:25 +0800
Processing by UsersController#new as HTML
  Rendered users/_form.html.erb (1.3ms)
  Rendered users/new.html.erb within layouts/application (1.9ms)
Completed 200 OK in 30ms (Views: 28.9ms | ActiveRecord: 0.0ms)


Started POST "/users" for 127.0.0.1 at 2014-11-24 18:54:38 +0800
Processing by UsersController#create as HTML
  Parameters: {"utf8"=>"✓", "authenticity_token"=>"fHgTdna1fRiJ0YuZDaPy0nssSqHpBUZ9wlC/KeBpnxc=", "user"=>{"name"=>"shaolei", "email"=>"shaolei@qing5.com"}, "commit"=>"Create User"}
  [1m[36m (0.1ms)[0m  [1mbegin transaction[0m
  [1m[35mSQL (0.4ms)[0m  INSERT INTO "users" ("created_at", "email", "name", "updated_at") VALUES (?, ?, ?, ?)  [["created_at", "2014-11-24 10:54:38.368285"], ["email", "shaolei@qing5.com"], ["name", "shaolei"], ["updated_at", "2014-11-24 10:54:38.368285"]]
  [1m[36m (0.6ms)[0m  [1mcommit transaction[0m
Redirected to http://localhost:3000/users/1
Completed 302 Found in 5ms (ActiveRecord: 1.0ms)


Started GET "/users/1" for 127.0.0.1 at 2014-11-24 18:54:38 +0800
Processing by UsersController#show as HTML
  Parameters: {"id"=>"1"}
  [1m[35mUser Load (0.2ms)[0m  SELECT  "users".* FROM "users"  WHERE "users"."id" = ? LIMIT 1  [["id", 1]]
  Rendered users/show.html.erb within layouts/application (0.8ms)
Completed 200 OK in 66ms (Views: 63.1ms | ActiveRecord: 0.2ms)


Started GET "/assets/users.js?body=1" for 127.0.0.1 at 2014-11-24 18:54:38 +0800


Started GET "/assets/application.js?body=1" for 127.0.0.1 at 2014-11-24 18:54:38 +0800


Started GET "/assets/scaffolds.css?body=1" for 127.0.0.1 at 2014-11-24 18:54:38 +0800


Started GET "/assets/turbolinks.js?body=1" for 127.0.0.1 at 2014-11-24 18:54:38 +0800


Started GET "/assets/users.css?body=1" for 127.0.0.1 at 2014-11-24 18:54:38 +0800


Started GET "/assets/jquery_ujs.js?body=1" for 127.0.0.1 at 2014-11-24 18:54:38 +0800


Started GET "/assets/jquery.js?body=1" for 127.0.0.1 at 2014-11-24 18:54:38 +0800


Started GET "/assets/application.css?body=1" for 127.0.0.1 at 2014-11-24 18:54:38 +0800


Started GET "/users" for 127.0.0.1 at 2014-11-24 18:54:40 +0800
Processing by UsersController#index as HTML
  [1m[36mUser Load (0.1ms)[0m  [1mSELECT "users".* FROM "users"[0m
  Rendered users/index.html.erb within layouts/application (1.6ms)
Completed 200 OK in 24ms (Views: 23.5ms | ActiveRecord: 0.1ms)


Started GET "/users/1/edit" for 127.0.0.1 at 2014-11-24 18:54:42 +0800
Processing by UsersController#edit as HTML
  Parameters: {"id"=>"1"}
  [1m[35mUser Load (0.1ms)[0m  SELECT  "users".* FROM "users"  WHERE "users"."id" = ? LIMIT 1  [["id", 1]]
  Rendered users/_form.html.erb (1.6ms)
  Rendered users/edit.html.erb within layouts/application (2.6ms)
Completed 200 OK in 26ms (Views: 24.9ms | ActiveRecord: 0.1ms)


Started GET "/users/1" for 127.0.0.1 at 2014-11-24 18:54:44 +0800
Processing by UsersController#show as HTML
  Parameters: {"id"=>"1"}
  [1m[36mUser Load (0.1ms)[0m  [1mSELECT  "users".* FROM "users"  WHERE "users"."id" = ? LIMIT 1[0m  [["id", 1]]
  Rendered users/show.html.erb within layouts/application (0.7ms)
Completed 200 OK in 25ms (Views: 23.6ms | ActiveRecord: 0.1ms)


Started GET "/assets/turbolinks.js?body=1" for 127.0.0.1 at 2014-11-24 18:55:38 +0800
  [1m[36mActiveRecord::SchemaMigration Load (0.1ms)[0m  [1mSELECT "schema_migrations".* FROM "schema_migrations"[0m
Migrating to CreateMicroposts (20141124110818)
  [1m[35m (0.1ms)[0m  begin transaction
  [1m[36m (0.4ms)[0m  [1mCREATE TABLE "microposts" ("id" INTEGER PRIMARY KEY AUTOINCREMENT NOT NULL, "content" varchar(255), "user_id" integer, "created_at" datetime, "updated_at" datetime) [0m
  [1m[35mSQL (0.1ms)[0m  INSERT INTO "schema_migrations" ("version") VALUES (?)  [["version", "20141124110818"]]
  [1m[36m (1.4ms)[0m  [1mcommit transaction[0m
  [1m[35mActiveRecord::SchemaMigration Load (0.1ms)[0m  SELECT "schema_migrations".* FROM "schema_migrations"


Started GET "/d" for 127.0.0.1 at 2014-11-24 19:09:57 +0800
  [1m[35mActiveRecord::SchemaMigration Load (0.1ms)[0m  SELECT "schema_migrations".* FROM "schema_migrations"

ActionController::RoutingError (No route matches [GET] "/d"):
  actionpack (4.1.6) lib/action_dispatch/middleware/debug_exceptions.rb:21:in `call'
  actionpack (4.1.6) lib/action_dispatch/middleware/show_exceptions.rb:30:in `call'
  railties (4.1.6) lib/rails/rack/logger.rb:38:in `call_app'
  railties (4.1.6) lib/rails/rack/logger.rb:20:in `block in call'
  activesupport (4.1.6) lib/active_support/tagged_logging.rb:68:in `block in tagged'
  activesupport (4.1.6) lib/active_support/tagged_logging.rb:26:in `tagged'
  activesupport (4.1.6) lib/active_support/tagged_logging.rb:68:in `tagged'
  railties (4.1.6) lib/rails/rack/logger.rb:20:in `call'
  actionpack (4.1.6) lib/action_dispatch/middleware/request_id.rb:21:in `call'
  rack (1.5.2) lib/rack/methodoverride.rb:21:in `call'
  rack (1.5.2) lib/rack/runtime.rb:17:in `call'
  activesupport (4.1.6) lib/active_support/cache/strategy/local_cache_middleware.rb:26:in `call'
  rack (1.5.2) lib/rack/lock.rb:17:in `call'
  actionpack (4.1.6) lib/action_dispatch/middleware/static.rb:64:in `call'
  rack (1.5.2) lib/rack/sendfile.rb:112:in `call'
  railties (4.1.6) lib/rails/engine.rb:514:in `call'
  railties (4.1.6) lib/rails/application.rb:144:in `call'
  rack (1.5.2) lib/rack/lock.rb:17:in `call'
  rack (1.5.2) lib/rack/content_length.rb:14:in `call'
  rack (1.5.2) lib/rack/handler/webrick.rb:60:in `service'
  /System/Library/Frameworks/Ruby.framework/Versions/2.0/usr/lib/ruby/2.0.0/webrick/httpserver.rb:138:in `service'
  /System/Library/Frameworks/Ruby.framework/Versions/2.0/usr/lib/ruby/2.0.0/webrick/httpserver.rb:94:in `run'
  /System/Library/Frameworks/Ruby.framework/Versions/2.0/usr/lib/ruby/2.0.0/webrick/server.rb:295:in `block in start_thread'


  Rendered /Library/Ruby/Gems/2.0.0/gems/actionpack-4.1.6/lib/action_dispatch/middleware/templates/rescues/_trace.html.erb (1.0ms)
  Rendered /Library/Ruby/Gems/2.0.0/gems/actionpack-4.1.6/lib/action_dispatch/middleware/templates/routes/_route.html.erb (1.3ms)
  Rendered /Library/Ruby/Gems/2.0.0/gems/actionpack-4.1.6/lib/action_dispatch/middleware/templates/routes/_table.html.erb (1.7ms)
  Rendered /Library/Ruby/Gems/2.0.0/gems/actionpack-4.1.6/lib/action_dispatch/middleware/templates/rescues/routing_error.html.erb within rescues/layout (20.5ms)


Started GET "/microposts" for 127.0.0.1 at 2014-11-24 19:10:04 +0800
Processing by MicropostsController#index as HTML
  [1m[36mMicropost Load (0.2ms)[0m  [1mSELECT "microposts".* FROM "microposts"[0m
  Rendered microposts/index.html.erb within layouts/application (1.5ms)
Completed 200 OK in 200ms (Views: 197.8ms | ActiveRecord: 0.2ms)


Started GET "/assets/microposts.css?body=1" for 127.0.0.1 at 2014-11-24 19:10:04 +0800


Started GET "/assets/microposts.js?body=1" for 127.0.0.1 at 2014-11-24 19:10:04 +0800


Started GET "/assets/scaffolds.css?body=1" for 127.0.0.1 at 2014-11-24 19:10:04 +0800


Started GET "/assets/users.css?body=1" for 127.0.0.1 at 2014-11-24 19:10:04 +0800


Started GET "/assets/jquery.js?body=1" for 127.0.0.1 at 2014-11-24 19:10:04 +0800


Started GET "/assets/turbolinks.js?body=1" for 127.0.0.1 at 2014-11-24 19:10:04 +0800


Started GET "/assets/application.css?body=1" for 127.0.0.1 at 2014-11-24 19:10:04 +0800


Started GET "/assets/users.js?body=1" for 127.0.0.1 at 2014-11-24 19:10:04 +0800


Started GET "/assets/jquery_ujs.js?body=1" for 127.0.0.1 at 2014-11-24 19:10:04 +0800


Started GET "/assets/application.js?body=1" for 127.0.0.1 at 2014-11-24 19:10:04 +0800


Started GET "/microposts/new" for 127.0.0.1 at 2014-11-24 19:10:06 +0800
Processing by MicropostsController#new as HTML
  Rendered microposts/_form.html.erb (6.1ms)
  Rendered microposts/new.html.erb within layouts/application (7.3ms)
Completed 200 OK in 38ms (Views: 36.8ms | ActiveRecord: 0.3ms)
  [1m[36mUser Load (0.1ms)[0m  [1mSELECT  "users".* FROM "users"   ORDER BY "users"."id" ASC LIMIT 1[0m
  [1m[35mMicropost Load (0.2ms)[0m  SELECT "microposts".* FROM "microposts"  WHERE "microposts"."user_id" = ?  [["user_id", 1]]
